[0;34m╔══════════════════════════════════════════════════════════════════╗[0m
[0;34m║[0m           IronBucket - Complete Test & Spin-Up Suite                 [0;34m║[0m
[0;34m╚══════════════════════════════════════════════════════════════════╝[0m

  [0;35mTimestamp: 2026-01-18 14:59:59[0m
  [0;35mLog file: /workspaces/IronBucket/test-execution.log[0m


[1;33m▶ Step 1: Verify Prerequisites[0m

[0;32m✅ docker installed[0m
[0;32m✅ docker-compose installed[0m
[0;32m✅ mvn installed[0m
[0;32m✅ steel-hammer directory found[0m
[0;32m✅ temp directory found[0m

[1;33m▶ Step 2: Run Maven Unit Tests (All 6 Projects)[0m

Running unit tests for all 6 Maven projects...

[0;34mTesting Brazz-Nossel...[0m
[0;32m✅ Brazz-Nossel: 0 tests passed[0m
[0;34mTesting Claimspindel...[0m
[0;32m✅ Claimspindel: 0 tests passed[0m
[0;34mTesting Buzzle-Vane...[0m
[0;32m✅ Buzzle-Vane: 0 tests passed[0m
[0;34mTesting Sentinel-Gear...[0m
